Application/build/outputs/logs/manifest-merger-debug-report.txt
-- Merging decision tree log ---
manifest
ADDED from AndroidManifest.xml:17:1
	xmlns:android
		ADDED from AndroidManifest.xml:17:11
	package
		ADDED from AndroidManifest.xml:18:9
uses-permission#android.permission.INTERNET
ADDED from AndroidManifest.xml:21:5
MERGED from com.google.android.gms:play-services-gcm:8.4.0:22:5
MERGED from com.google.android.gms:play-services-measurement:8.4.0:21:5
MERGED from com.google.android.gms:play-services-maps:8.4.0:21:5
	android:name
		ADDED from AndroidManifest.xml:21:22
uses-permission#android.permission.READ_SYNC_SETTINGS
ADDED from AndroidManifest.xml:24:5
	android:name
		ADDED from AndroidManifest.xml:24:22
uses-permission#android.permission.WRITE_SYNC_SETTINGS
ADDED from AndroidManifest.xml:25:5
	android:name
		ADDED from AndroidManifest.xml:25:22
uses-permission#android.permission.AUTHENTICATE_ACCOUNTS
ADDED from AndroidManifest.xml:26:5
	android:name
		ADDED from AndroidManifest.xml:26:22
uses-permission#android.permission.ACCESS_NETWORK_STATE
ADDED from AndroidManifest.xml:29:5
MERGED from com.google.android.gms:play-services-measurement:8.4.0:22:5
MERGED from com.google.android.gms:play-services-maps:8.4.0:20:5
	android:name
		ADDED from AndroidManifest.xml:29:22
uses-permission#android.permission.WAKE_LOCK
ADDED from AndroidManifest.xml:32:5
MERGED from com.google.android.gms:play-services-measurement:8.4.0:24:5
	android:name
		ADDED from AndroidManifest.xml:32:22
uses-permission#com.google.android.c2dm.permission.RECEIVE
ADDED from AndroidManifest.xml:33:5
MERGED from com.google.android.gms:play-services-gcm:8.4.0:21:5
	android:name
		ADDED from AndroidManifest.xml:33:22
permission#com.example.android.sunshine.app.permission.C2D_MESSAGE
ADDED from AndroidManifest.xml:35:5
	android:protectionLevel
		ADDED from AndroidManifest.xml:37:9
	android:name
		ADDED from AndroidManifest.xml:36:9
uses-permission#com.example.android.sunshine.app.permission.C2D_MESSAGE
ADDED from AndroidManifest.xml:39:5
	android:name
		ADDED from AndroidManifest.xml:39:22
uses-permission#android.permission.ACCESS_FINE_LOCATION
ADDED from AndroidManifest.xml:42:5
	android:name
		ADDED from AndroidManifest.xml:42:22
application
ADDED from AndroidManifest.xml:44:5
MERGED from com.android.support:support-v4:23.1.1:22:5
MERGED from com.android.support:support-v13:23.1.1:22:5
MERGED from com.android.support:support-v4:23.1.1:22:5
MERGED from com.android.support:cardview-v7:23.1.0:22:5
MERGED from com.google.android.gms:play-services-wearable:8.4.0:19:5
MERGED from com.google.android.gms:play-services-basement:8.4.0:20:5
MERGED from com.android.support:support-v4:23.1.1:22:5
MERGED from com.android.support:support-v13:23.1.1:22:5
MERGED from com.android.support:support-v4:23.1.1:22:5
MERGED from com.android.support:appcompat-v7:22.2.0:22:5
MERGED from com.android.support:support-v4:23.1.1:22:5
MERGED from com.android.support:design:22.2.0:22:5
MERGED from com.android.support:appcompat-v7:22.2.0:22:5
MERGED from com.android.support:support-v4:23.1.1:22:5
MERGED from com.android.support:support-v4:23.1.1:22:5
MERGED from com.android.support:support-v4:23.1.1:22:5
MERGED from com.google.android.gms:play-services-gcm:8.4.0:24:5
MERGED from com.google.android.gms:play-services-basement:8.4.0:20:5
MERGED from com.android.support:support-v4:23.1.1:22:5
MERGED from com.google.android.gms:play-services-measurement:8.4.0:26:5
MERGED from com.google.android.gms:play-services-basement:8.4.0:20:5
MERGED from com.android.support:support-v4:23.1.1:22:5
MERGED from com.google.android.gms:play-services-location:8.4.0:19:5
MERGED from com.google.android.gms:play-services-basement:8.4.0:20:5
MERGED from com.android.support:support-v4:23.1.1:22:5
MERGED from com.google.android.gms:play-services-maps:8.4.0:27:5
MERGED from com.google.android.gms:play-services-basement:8.4.0:20:5
MERGED from com.android.support:support-v4:23.1.1:22:5
MERGED from com.android.support:gridlayout-v7:22.2.0:22:5
MERGED from com.android.support:support-v4:23.1.1:22:5
	android:supportsRtl
		ADDED from AndroidManifest.xml:48:9
	android:label
		ADDED from AndroidManifest.xml:47:9
	android:allowBackup
		ADDED from AndroidManifest.xml:45:9
	android:icon
		ADDED from AndroidManifest.xml:46:9
	android:theme
		ADDED from AndroidManifest.xml:49:9
activity#com.example.android.sunshine.app.MainActivity
ADDED from AndroidManifest.xml:50:9
	android:label
		ADDED from AndroidManifest.xml:52:13
	android:theme
		ADDED from AndroidManifest.xml:53:13
	android:name
		ADDED from AndroidManifest.xml:51:13
intent-filter#android.intent.action.MAIN+android.intent.category.LAUNCHER
ADDED from AndroidManifest.xml:54:13
action#android.intent.action.MAIN
ADDED from AndroidManifest.xml:55:17
	android:name
		ADDED from AndroidManifest.xml:55:25
category#android.intent.category.LAUNCHER
ADDED from AndroidManifest.xml:57:17
	android:name
		ADDED from AndroidManifest.xml:57:27
activity#com.example.android.sunshine.app.DetailActivity
ADDED from AndroidManifest.xml:60:9
	android:label
		ADDED from AndroidManifest.xml:62:13
	android:theme
		ADDED from AndroidManifest.xml:64:13
	android:parentActivityName
		ADDED from AndroidManifest.xml:63:13
	android:name
		ADDED from AndroidManifest.xml:61:13
meta-data#android.support.PARENT_ACTIVITY
ADDED from AndroidManifest.xml:65:13
	android:name
		ADDED from AndroidManifest.xml:66:17
	android:value
		ADDED from AndroidManifest.xml:67:17
activity#com.example.android.sunshine.app.SettingsActivity
ADDED from AndroidManifest.xml:69:9
	android:label
		ADDED from AndroidManifest.xml:71:13
	android:theme
		ADDED from AndroidManifest.xml:73:13
	android:parentActivityName
		ADDED from AndroidManifest.xml:72:13
	android:name
		ADDED from AndroidManifest.xml:70:13
provider#com.example.android.sunshine.app.data.WeatherProvider
ADDED from AndroidManifest.xml:79:9
	android:syncable
		ADDED from AndroidManifest.xml:83:13
	android:exported
		ADDED from AndroidManifest.xml:82:13
	android:authorities
		ADDED from AndroidManifest.xml:81:13
	android:name
		ADDED from AndroidManifest.xml:80:13
service#com.example.android.sunshine.app.sync.SunshineAuthenticatorService
ADDED from AndroidManifest.xml:86:9
	android:name
		ADDED from AndroidManifest.xml:86:18
intent-filter#android.accounts.AccountAuthenticator
ADDED from AndroidManifest.xml:87:13
action#android.accounts.AccountAuthenticator
ADDED from AndroidManifest.xml:88:17
	android:name
		ADDED from AndroidManifest.xml:88:25
meta-data#android.accounts.AccountAuthenticator
ADDED from AndroidManifest.xml:91:13
	android:resource
		ADDED from AndroidManifest.xml:93:17
	android:name
		ADDED from AndroidManifest.xml:92:17
service#com.example.android.sunshine.app.sync.SunshineSyncService
ADDED from AndroidManifest.xml:97:9
	android:exported
		ADDED from AndroidManifest.xml:99:13
	android:name
		ADDED from AndroidManifest.xml:98:13
intent-filter#android.content.SyncAdapter
ADDED from AndroidManifest.xml:100:13
action#android.content.SyncAdapter
ADDED from AndroidManifest.xml:101:17
	android:name
		ADDED from AndroidManifest.xml:101:25
meta-data#android.content.SyncAdapter
ADDED from AndroidManifest.xml:104:13
	android:resource
		ADDED from AndroidManifest.xml:106:17
	android:name
		ADDED from AndroidManifest.xml:105:17
receiver#com.google.android.gms.gcm.GcmReceiver
ADDED from AndroidManifest.xml:110:9
	android:exported
		ADDED from AndroidManifest.xml:112:13
	android:permission
		ADDED from AndroidManifest.xml:113:13
	android:name
		ADDED from AndroidManifest.xml:111:13
intent-filter#com.example.android.sunshine.app+com.google.android.c2dm.intent.RECEIVE+com.google.android.c2dm.intent.REGISTRATION
ADDED from AndroidManifest.xml:114:13
action#com.google.android.c2dm.intent.RECEIVE
ADDED from AndroidManifest.xml:115:17
	android:name
		ADDED from AndroidManifest.xml:115:25
action#com.google.android.c2dm.intent.REGISTRATION
ADDED from AndroidManifest.xml:116:17
	android:name
		ADDED from AndroidManifest.xml:116:25
category#com.example.android.sunshine.app
ADDED from AndroidManifest.xml:118:17
	android:name
		ADDED from AndroidManifest.xml:118:27
service#com.example.android.sunshine.app.muzei.WeatherMuzeiSource
ADDED from AndroidManifest.xml:122:9
	android:label
		ADDED from AndroidManifest.xml:126:13
	android:icon
		ADDED from AndroidManifest.xml:125:13
	android:description
		ADDED from AndroidManifest.xml:124:13
	android:name
		ADDED from AndroidManifest.xml:123:13
intent-filter#com.google.android.apps.muzei.api.MuzeiArtSource
ADDED from AndroidManifest.xml:127:13
action#com.google.android.apps.muzei.api.MuzeiArtSource
ADDED from AndroidManifest.xml:128:17
	android:name
		ADDED from AndroidManifest.xml:128:25
meta-data#color
ADDED from AndroidManifest.xml:131:13
	android:name
		ADDED from AndroidManifest.xml:132:17
	android:value
		ADDED from AndroidManifest.xml:133:17
receiver#com.example.android.sunshine.app.widget.TodayWidgetProvider
ADDED from AndroidManifest.xml:136:9
	android:label
		ADDED from AndroidManifest.xml:138:13
	android:name
		ADDED from AndroidManifest.xml:137:13
intent-filter#android.appwidget.action.APPWIDGET_UPDATE+com.example.android.sunshine.app.ACTION_DATA_UPDATED
ADDED from AndroidManifest.xml:139:13
action#android.appwidget.action.APPWIDGET_UPDATE
ADDED from AndroidManifest.xml:140:17
	android:name
		ADDED from AndroidManifest.xml:140:25
action#com.example.android.sunshine.app.ACTION_DATA_UPDATED
ADDED from AndroidManifest.xml:141:17
	android:name
		ADDED from AndroidManifest.xml:141:25
meta-data#android.appwidget.provider
ADDED from AndroidManifest.xml:144:13
	android:resource
		ADDED from AndroidManifest.xml:146:17
	android:name
		ADDED from AndroidManifest.xml:145:17
service#com.example.android.sunshine.app.widget.TodayWidgetIntentService
ADDED from AndroidManifest.xml:149:9
	android:name
		ADDED from AndroidManifest.xml:149:18
receiver#com.example.android.sunshine.app.widget.DetailWidgetProvider
ADDED from AndroidManifest.xml:151:9
	android:label
		ADDED from AndroidManifest.xml:154:13
	android:enabled
		ADDED from AndroidManifest.xml:153:13
	android:name
		ADDED from AndroidManifest.xml:152:13
service#com.example.android.sunshine.app.widget.DetailWidgetRemoteViewsService
ADDED from AndroidManifest.xml:165:9
	android:exported
		ADDED from AndroidManifest.xml:168:13
	android:enabled
		ADDED from AndroidManifest.xml:167:13
	android:permission
		ADDED from AndroidManifest.xml:169:13
	android:name
		ADDED from AndroidManifest.xml:166:13
service#gcm.MyGcmListenerService
ADDED from AndroidManifest.xml:170:9
	android:exported
		ADDED from AndroidManifest.xml:172:13
	android:name
		ADDED from AndroidManifest.xml:171:13
intent-filter#com.google.android.c2dm.intent.RECEIVE
ADDED from AndroidManifest.xml:173:13
service#gcm.MyInstanceIDListenerService
ADDED from AndroidManifest.xml:177:9
	android:exported
		ADDED from AndroidManifest.xml:179:13
	android:name
		ADDED from AndroidManifest.xml:178:13
intent-filter#com.google.android.gms.iid.InstanceID
ADDED from AndroidManifest.xml:180:13
action#com.google.android.gms.iid.InstanceID
ADDED from AndroidManifest.xml:181:17
	android:name
		ADDED from AndroidManifest.xml:181:25
service#com.example.android.sunshine.app.gcm.RegistrationIntentService
ADDED from AndroidManifest.xml:184:9
	android:exported
		ADDED from AndroidManifest.xml:186:13
	android:name
		ADDED from AndroidManifest.xml:185:13
service#com.example.android.sunshine.app.WearListenerService
ADDED from AndroidManifest.xml:189:9
	android:name
		ADDED from AndroidManifest.xml:190:13
intent-filter#com.google.android.gms.wearable.BIND_LISTENER
ADDED from AndroidManifest.xml:191:13
action#com.google.android.gms.wearable.BIND_LISTENER
ADDED from AndroidManifest.xml:192:17
	android:name
		ADDED from AndroidManifest.xml:192:25
uses-sdk
INJECTED from AndroidManifest.xml:0:0 reason: use-sdk injection requested
MERGED from com.android.support:support-v4:23.1.1:20:5
MERGED from com.android.support:support-v13:23.1.1:20:5
MERGED from com.android.support:support-v4:23.1.1:20:5
MERGED from com.android.support:cardview-v7:23.1.0:20:5
MERGED from com.google.android.gms:play-services-wearable:8.4.0:18:5
MERGED from com.google.android.gms:play-services-base:8.4.0:18:5
MERGED from com.google.android.gms:play-services-basement:8.4.0:18:5
MERGED from com.android.support:support-v4:23.1.1:20:5
MERGED from com.android.support:support-v13:23.1.1:20:5
MERGED from com.android.support:support-v4:23.1.1:20:5
MERGED from com.android.support:appcompat-v7:22.2.0:20:5
MERGED from com.android.support:support-v4:23.1.1:20:5
MERGED from com.android.support:design:22.2.0:20:5
MERGED from com.android.support:appcompat-v7:22.2.0:20:5
MERGED from com.android.support:support-v4:23.1.1:20:5
MERGED from com.android.support:support-v4:23.1.1:20:5
MERGED from com.android.support:recyclerview-v7:22.2.0:20:5
MERGED from com.android.support:support-v4:23.1.1:20:5
MERGED from com.google.android.gms:play-services-gcm:8.4.0:18:5
MERGED from com.google.android.gms:play-services-base:8.4.0:18:5
MERGED from com.google.android.gms:play-services-basement:8.4.0:18:5
MERGED from com.android.support:support-v4:23.1.1:20:5
MERGED from com.google.android.gms:play-services-measurement:8.4.0:18:5
MERGED from com.google.android.gms:play-services-basement:8.4.0:18:5
MERGED from com.android.support:support-v4:23.1.1:20:5
MERGED from com.google.android.gms:play-services-location:8.4.0:18:5
MERGED from com.google.android.gms:play-services-base:8.4.0:18:5
MERGED from com.google.android.gms:play-services-basement:8.4.0:18:5
MERGED from com.android.support:support-v4:23.1.1:20:5
MERGED from com.google.android.gms:play-services-maps:8.4.0:26:5
MERGED from com.google.android.gms:play-services-base:8.4.0:18:5
MERGED from com.google.android.gms:play-services-basement:8.4.0:18:5
MERGED from com.android.support:support-v4:23.1.1:20:5
MERGED from com.android.support:gridlayout-v7:22.2.0:20:5
MERGED from com.android.support:support-v4:23.1.1:20:5
	android:targetSdkVersion
		INJECTED from AndroidManifest.xml:0:0
		INJECTED from AndroidManifest.xml:0:0
	android:minSdkVersion
		INJECTED from AndroidManifest.xml:0:0
		INJECTED from AndroidManifest.xml:0:0
meta-data#com.google.android.gms.version
ADDED from com.google.android.gms:play-services-basement:8.4.0:21:9
MERGED from com.google.android.gms:play-services-basement:8.4.0:21:9
MERGED from com.google.android.gms:play-services-basement:8.4.0:21:9
MERGED from com.google.android.gms:play-services-basement:8.4.0:21:9
MERGED from com.google.android.gms:play-services-basement:8.4.0:21:9
	android:name
		ADDED from com.google.android.gms:play-services-basement:8.4.0:22:13
	android:value
		ADDED from com.google.android.gms:play-services-basement:8.4.0:23:13
provider#com.google.android.gms.measurement.AppMeasurementContentProvider
ADDED from com.google.android.gms:play-services-measurement:8.4.0:28:7
	android:exported
		ADDED from com.google.android.gms:play-services-measurement:8.4.0:31:11
	android:authorities
		ADDED from com.google.android.gms:play-services-measurement:8.4.0:29:11
	android:name
		ADDED from com.google.android.gms:play-services-measurement:8.4.0:30:11
receiver#com.google.android.gms.measurement.AppMeasurementReceiver
ADDED from com.google.android.gms:play-services-measurement:8.4.0:33:7
	android:enabled
		ADDED from com.google.android.gms:play-services-measurement:8.4.0:35:11
	android:name
		ADDED from com.google.android.gms:play-services-measurement:8.4.0:34:11
intent-filter#com.google.android.gms.measurement.UPLOAD
ADDED from com.google.android.gms:play-services-measurement:8.4.0:36:9
action#com.google.android.gms.measurement.UPLOAD
ADDED from com.google.android.gms:play-services-measurement:8.4.0:37:11
	android:name
		ADDED from com.google.android.gms:play-services-measurement:8.4.0:37:19
service#com.google.android.gms.measurement.AppMeasurementService
ADDED from com.google.android.gms:play-services-measurement:8.4.0:41:7
	android:exported
		ADDED from com.google.android.gms:play-services-measurement:8.4.0:44:11
	android:enabled
		ADDED from com.google.android.gms:play-services-measurement:8.4.0:43:11
	android:name
		ADDED from com.google.android.gms:play-services-measurement:8.4.0:42:11
uses-feature#0x00020000
ADDED from com.google.android.gms:play-services-maps:8.4.0:22:5
	android:required
		ADDED from com.google.android.gms:play-services-maps:8.4.0:24:8
	android:glEsVersion
		ADDED from com.google.android.gms:play-services-maps:8.4.0:23:8